d:\暑期事宜\project\数组结构练习\x64\debug\vc142.pdb
d:\暑期事宜\project\数组结构练习\x64\debug\vc142.idb
d:\暑期事宜\project\数组结构练习\x64\debug\月份天数.obj
d:\暑期事宜\project\数组结构练习\x64\debug\数组结构练习.ilk
d:\暑期事宜\project\数组结构练习\x64\debug\数组结构练习.exe
d:\暑期事宜\project\数组结构练习\x64\debug\数组结构练习.pdb
d:\暑期事宜\project\数组结构练习\x64\debug\数组练习.ilk
d:\暑期事宜\project\数组结构练习\x64\debug\10人分数筛选.pdb
d:\暑期事宜\project\数组结构练习\x64\debug\二分查找.pdb
d:\暑期事宜\project\数组结构练习\x64\debug\兔子问题.pdb
d:\暑期事宜\project\数组结构练习\x64\debug\冒泡排序.pdb
d:\暑期事宜\project\数组结构练习\x64\debug\加密1.pdb
d:\暑期事宜\project\数组结构练习\x64\debug\学号分割.pdb
d:\暑期事宜\project\数组结构练习\x64\debug\成绩排序1.pdb
d:\暑期事宜\project\数组结构练习\x64\debug\成绩排序2.pdb
d:\暑期事宜\project\数组结构练习\x64\debug\数组练习.pdb
d:\暑期事宜\project\数组结构练习\x64\debug\时钟.pdb
d:\暑期事宜\project\数组结构练习\x64\debug\求100以内的素数.pdb
d:\暑期事宜\project\数组结构练习\x64\debug\求单词负数.pdb
d:\暑期事宜\project\数组结构练习\x64\debug\数组结构练习.tlog\cl.command.1.tlog
d:\暑期事宜\project\数组结构练习\x64\debug\数组结构练习.tlog\cl.read.1.tlog
d:\暑期事宜\project\数组结构练习\x64\debug\数组结构练习.tlog\cl.write.1.tlog
d:\暑期事宜\project\数组结构练习\x64\debug\数组结构练习.tlog\link.command.1.tlog
d:\暑期事宜\project\数组结构练习\x64\debug\数组结构练习.tlog\link.read.1.tlog
d:\暑期事宜\project\数组结构练习\x64\debug\数组结构练习.tlog\link.write.1.tlog
